
OpenSBI v0.4 (Jul  2 2019 11:53:53)
   ____                    _____ ____ _____
  / __ \                  / ____|  _ \_   _|
 | |  | |_ __   ___ _ __ | (___ | |_) || |
 | |  | | '_ \ / _ \ '_ \ \___ \|  _ < | |
 | |__| | |_) |  __/ | | |____) | |_) || |_
  \____/| .__/ \___|_| |_|_____/|____/_____|
        | |
        |_|

Platform Name          : QEMU Virt Machine
Platform HART Features : RV64ACDFIMSU
Platform Max HARTs     : 8
Current Hart           : 0
Firmware Base          : 0x80000000
Firmware Size          : 112 KB
Runtime SBI Version    : 0.1

PMP0: 0x0000000080000000-0x000000008001ffff (A)
PMP1: 0x0000000000000000-0xffffffffffffffff (A,R,W,X)
(THU.CST) os is loading ...

Special kernel symbols:
  entry  0xc0200032 (virtual)
  etext  0xc0206650 (virtual)
  edata  0xc02a72c0 (virtual)
  end    0xc02b281c (virtual)
Kernel executable memory footprint: 714KB
memory management: default_pmm_manager
physcial memory map:
  memory: 0x07e00000, [0x80200000, 0x87ffffff].
vapaofset is 18446744070488326144
check_alloc_page() succeeded!
check_pgdir() succeeded!
check_boot_pgdir() succeeded!
use SLOB allocator
kmalloc_init() succeeded!
check_vma_struct() succeeded!
Store/AMO page fault
page fault at 0x00000100: K/W
check_pgfault() succeeded!
check_vmm() succeeded.
SWAP: manager = fifo swap manager
BEGIN check_swap: count 1, total 31561
setup Page Table for vaddr 0X1000, so alloc a page
setup Page Table vaddr 0~4MB OVER!
set up init env for check_swap begin!
Store/AMO page fault
page fault at 0x00001000: K/W
Store/AMO page fault
page fault at 0x00002000: K/W
Store/AMO page fault
page fault at 0x00003000: K/W
Store/AMO page fault
page fault at 0x00004000: K/W
set up init env for check_swap over!
write Virt Page c in fifo_check_swap
write Virt Page a in fifo_check_swap
write Virt Page d in fifo_check_swap
write Virt Page b in fifo_check_swap
write Virt Page e in fifo_check_swap
Store/AMO page fault
page fault at 0x00005000: K/W
swap_out: i 0, store page in vaddr 0x1000 to disk swap entry 2
write Virt Page b in fifo_check_swap
write Virt Page a in fifo_check_swap
Store/AMO page fault
page fault at 0x00001000: K/W
swap_out: i 0, store page in vaddr 0x2000 to disk swap entry 3
swap_in: load disk swap entry 2 with swap_page in vadr 0x1000
write Virt Page b in fifo_check_swap
Store/AMO page fault
page fault at 0x00002000: K/W
swap_out: i 0, store page in vaddr 0x3000 to disk swap entry 4
swap_in: load disk swap entry 3 with swap_page in vadr 0x2000
write Virt Page c in fifo_check_swap
Store/AMO page fault
page fault at 0x00003000: K/W
swap_out: i 0, store page in vaddr 0x4000 to disk swap entry 5
swap_in: load disk swap entry 4 with swap_page in vadr 0x3000
write Virt Page d in fifo_check_swap
Store/AMO page fault
page fault at 0x00004000: K/W
swap_out: i 0, store page in vaddr 0x5000 to disk swap entry 6
swap_in: load disk swap entry 5 with swap_page in vadr 0x4000
write Virt Page e in fifo_check_swap
Store/AMO page fault
page fault at 0x00005000: K/W
swap_out: i 0, store page in vaddr 0x1000 to disk swap entry 2
swap_in: load disk swap entry 6 with swap_page in vadr 0x5000
write Virt Page a in fifo_check_swap
Load page fault
page fault at 0x00001000: K/R
swap_out: i 0, store page in vaddr 0x2000 to disk swap entry 3
swap_in: load disk swap entry 2 with swap_page in vadr 0x1000
check_swap() succeeded!
++ setup timer interrupts
kernel_execve: pid = 2, name = "forktest".
Breakpoint
alloc a new page 0xc04c8000
alloc a new page 0xc04c9000
alloc a new page 0xc04ca000
alloc a new page 0xc04cb000
alloc a new page 0xc04ce000
alloc a new page 0xc04d4000
alloc a new page 0xc04d5000
alloc a new page 0xc04d6000
alloc a new page 0xc04d7000
alloc a new page 0xc04da000
alloc a new page 0xc04e0000
alloc a new page 0xc04e1000
alloc a new page 0xc04e2000
alloc a new page 0xc04e3000
alloc a new page 0xc04e6000
alloc a new page 0xc04ec000
alloc a new page 0xc04ed000
alloc a new page 0xc04ee000
alloc a new page 0xc04ef000
alloc a new page 0xc04f2000
alloc a new page 0xc04f8000
alloc a new page 0xc04f9000
alloc a new page 0xc04fa000
alloc a new page 0xc04fb000
alloc a new page 0xc04fe000
alloc a new page 0xc0504000
alloc a new page 0xc0505000
alloc a new page 0xc0506000
alloc a new page 0xc0507000
alloc a new page 0xc050a000
alloc a new page 0xc0510000
alloc a new page 0xc0511000
alloc a new page 0xc0512000
alloc a new page 0xc0513000
alloc a new page 0xc0516000
alloc a new page 0xc051c000
alloc a new page 0xc051d000
alloc a new page 0xc051e000
alloc a new page 0xc051f000
alloc a new page 0xc0522000
alloc a new page 0xc0528000
alloc a new page 0xc0529000
alloc a new page 0xc052a000
alloc a new page 0xc052b000
alloc a new page 0xc052e000
alloc a new page 0xc0534000
alloc a new page 0xc0535000
alloc a new page 0xc0536000
alloc a new page 0xc0537000
alloc a new page 0xc053a000
alloc a new page 0xc0540000
alloc a new page 0xc0541000
alloc a new page 0xc0542000
alloc a new page 0xc0543000
alloc a new page 0xc0546000
alloc a new page 0xc054c000
alloc a new page 0xc054d000
alloc a new page 0xc054e000
alloc a new page 0xc054f000
alloc a new page 0xc0552000
alloc a new page 0xc0558000
alloc a new page 0xc0559000
alloc a new page 0xc055a000
alloc a new page 0xc055b000
alloc a new page 0xc055e000
alloc a new page 0xc0564000
alloc a new page 0xc0565000
alloc a new page 0xc0566000
alloc a new page 0xc0567000
alloc a new page 0xc056a000
alloc a new page 0xc0571000
alloc a new page 0xc0572000
alloc a new page 0xc0573000
alloc a new page 0xc0574000
alloc a new page 0xc0577000
alloc a new page 0xc057d000
alloc a new page 0xc057e000
alloc a new page 0xc057f000
alloc a new page 0xc0580000
alloc a new page 0xc0583000
alloc a new page 0xc0589000
alloc a new page 0xc058a000
alloc a new page 0xc058b000
alloc a new page 0xc058c000
alloc a new page 0xc058f000
alloc a new page 0xc0595000
alloc a new page 0xc0596000
alloc a new page 0xc0597000
alloc a new page 0xc0598000
alloc a new page 0xc059b000
alloc a new page 0xc05a1000
alloc a new page 0xc05a2000
alloc a new page 0xc05a3000
alloc a new page 0xc05a4000
alloc a new page 0xc05a7000
alloc a new page 0xc05ad000
alloc a new page 0xc05ae000
alloc a new page 0xc05af000
alloc a new page 0xc05b0000
alloc a new page 0xc05b3000
alloc a new page 0xc05b9000
alloc a new page 0xc05ba000
alloc a new page 0xc05bb000
alloc a new page 0xc05bc000
alloc a new page 0xc05bf000
alloc a new page 0xc05c5000
alloc a new page 0xc05c6000
alloc a new page 0xc05c7000
alloc a new page 0xc05c8000
alloc a new page 0xc05cb000
alloc a new page 0xc05d2000
alloc a new page 0xc05d3000
alloc a new page 0xc05d4000
alloc a new page 0xc05d5000
alloc a new page 0xc05d8000
alloc a new page 0xc05de000
alloc a new page 0xc05df000
alloc a new page 0xc05e0000
alloc a new page 0xc05e1000
alloc a new page 0xc05e4000
alloc a new page 0xc05ea000
alloc a new page 0xc05eb000
alloc a new page 0xc05ec000
alloc a new page 0xc05ed000
alloc a new page 0xc05f0000
alloc a new page 0xc05f6000
alloc a new page 0xc05f7000
alloc a new page 0xc05f8000
alloc a new page 0xc05f9000
alloc a new page 0xc05fc000
alloc a new page 0xc0602000
alloc a new page 0xc0603000
alloc a new page 0xc0604000
alloc a new page 0xc0605000
alloc a new page 0xc0608000
alloc a new page 0xc060e000
alloc a new page 0xc060f000
alloc a new page 0xc0610000
alloc a new page 0xc0611000
alloc a new page 0xc0614000
alloc a new page 0xc061a000
alloc a new page 0xc061b000
alloc a new page 0xc061c000
alloc a new page 0xc061d000
alloc a new page 0xc0620000
alloc a new page 0xc0626000
alloc a new page 0xc0627000
alloc a new page 0xc0628000
alloc a new page 0xc0629000
alloc a new page 0xc062c000
alloc a new page 0xc0633000
alloc a new page 0xc0634000
alloc a new page 0xc0635000
alloc a new page 0xc0636000
alloc a new page 0xc0639000
alloc a new page 0xc063f000
alloc a new page 0xc0640000
alloc a new page 0xc0641000
alloc a new page 0xc0642000
alloc a new page 0xc0645000
I am child 31
I am child 30
I am child 29
I am child 28
I am child 27
I am child 26
I am child 25
I am child 24
I am child 23
I am child 22
I am child 21
I am child 20
I am child 19
I am child 18
I am child 17
I am child 16
I am child 15
I am child 14
I am child 13
I am child 12
I am child 11
I am child 10
I am child 9
I am child 8
I am child 7
I am child 6
I am child 5
I am child 4
I am child 3
I am child 2
I am child 1
I am child 0
forktest pass.
all user-mode processes have quit.
init check memory pass.
kernel panic at kern/process/proc.c:486:
    initproc exit.

